[13:18:13] [main/INFO]: Setting user: Player239
[13:18:15] [Client thread/INFO]: LWJGL Version: 2.9.1
[13:18:26] [Client thread/INFO]: Reloading ResourceManager: Default, FMLFileResourcePack:Forge Mod Loader, FMLFileResourcePack:Minecraft Forge, FMLFileResourcePack:Xenorite Mod
[13:18:27] [Sound Library Loader/INFO]: Sound engine started
[13:18:28] [Client thread/INFO]: Created: 16x16 textures/blocks-atlas
[13:18:28] [Client thread/INFO]: Created: 16x16 textures/items-atlas
[13:18:28] [Client thread/INFO]: Reloading ResourceManager: Default, FMLFileResourcePack:Forge Mod Loader, FMLFileResourcePack:Minecraft Forge, FMLFileResourcePack:Xenorite Mod
[13:18:29] [Client thread/INFO]: Created: 512x256 textures/blocks-atlas
[13:18:29] [Client thread/INFO]: Created: 512x256 textures/items-atlas
[13:18:30] [Sound Library Loader/INFO]: Sound engine started
[13:18:47] [Client thread/INFO]: Reloading ResourceManager: Default, FMLFileResourcePack:Forge Mod Loader, FMLFileResourcePack:Minecraft Forge, FMLFileResourcePack:Xenorite Mod
[13:18:48] [Client thread/INFO]: Created: 1024x512 textures/blocks-atlas
[13:18:48] [Client thread/INFO]: Created: 512x256 textures/items-atlas
[13:18:49] [Sound Library Loader/INFO]: Sound engine started
[13:19:03] [Server thread/INFO]: Starting integrated minecraft server version 1.7.10
[13:19:03] [Server thread/INFO]: Generating keypair
[13:19:03] [Server thread/INFO]: Converting map!
[13:19:03] [Server thread/INFO]: Scanning folders...
[13:19:03] [Server thread/INFO]: Total conversion count is 0
[13:19:03] [Server thread/WARN]: Unable to find spawn biome
[13:19:04] [Server thread/INFO]: Preparing start region for level 0
[13:19:05] [Server thread/INFO]: Preparing spawn area: 20%
[13:19:06] [Server thread/INFO]: Preparing spawn area: 45%
[13:19:07] [Server thread/INFO]: Preparing spawn area: 62%
[13:19:08] [Server thread/INFO]: Preparing spawn area: 84%
[13:19:08] [Server thread/INFO]: Changing view distance to 16, from 10
[13:19:09] [Server thread/INFO]: Player239[local:E:7b72b7cf] logged in with entity id 16 at (56.5, 65.0, 213.5)
[13:19:09] [Server thread/INFO]: Player239 joined the game
[13:19:09] [Client thread/WARN]: Biome ID is out of bounds: 151720, defaulting to 0 (Ocean)
[13:19:09] [Client thread/WARN]: Biome ID is out of bounds: 151720, defaulting to 0 (Ocean)
[13:19:09] [Client thread/WARN]: Biome ID is out of bounds: 236734, defaulting to 0 (Ocean)
[13:19:09] [Client thread/WARN]: Biome ID is out of bounds: 236734, defaulting to 0 (Ocean)
[13:19:09] [Client thread/WARN]: Biome ID is out of bounds: 20350, defaulting to 0 (Ocean)
[13:19:09] [Client thread/WARN]: Biome ID is out of bounds: 20350, defaulting to 0 (Ocean)
[13:19:09] [Client thread/WARN]: Biome ID is out of bounds: 55578, defaulting to 0 (Ocean)
[13:19:09] [Client thread/WARN]: Biome ID is out of bounds: 55578, defaulting to 0 (Ocean)
[13:19:09] [Client thread/WARN]: Biome ID is out of bounds: 20350, defaulting to 0 (Ocean)
[13:19:09] [Client thread/WARN]: Biome ID is out of bounds: 20350, defaulting to 0 (Ocean)
[13:19:09] [Client thread/WARN]: Biome ID is out of bounds: 55578, defaulting to 0 (Ocean)
[13:19:09] [Client thread/WARN]: Biome ID is out of bounds: 55578, defaulting to 0 (Ocean)
[13:19:09] [Client thread/WARN]: Biome ID is out of bounds: 152122, defaulting to 0 (Ocean)
[13:19:09] [Client thread/WARN]: Biome ID is out of bounds: 152122, defaulting to 0 (Ocean)
[13:19:09] [Client thread/WARN]: Biome ID is out of bounds: 151720, defaulting to 0 (Ocean)
[13:19:09] [Client thread/WARN]: Biome ID is out of bounds: 151720, defaulting to 0 (Ocean)
[13:19:09] [Client thread/WARN]: Biome ID is out of bounds: 165762, defaulting to 0 (Ocean)
[13:19:09] [Client thread/WARN]: Biome ID is out of bounds: 165762, defaulting to 0 (Ocean)
[13:19:13] [Server thread/WARN]: Can't keep up! Did the system time change, or is the server overloaded? Running 3919ms behind, skipping 78 tick(s)
[13:19:13] [Client thread/INFO]: [CHAT] §b[Xenorite] Currently: 1.7.10 2.5.3 Newest: §b1.7.10 2.5.2
[13:19:14] [Client thread/INFO]: Warning: Clientside chunk ticking took 109 ms
[13:19:16] [Server thread/INFO]: Player239 has just earned the achievement [Taking Inventory]
[13:19:16] [Client thread/INFO]: [CHAT] Player239 has just earned the achievement [Taking Inventory]
[13:19:19] [Client thread/INFO]: Warning: Clientside chunk ticking took 106 ms
[13:19:19] [Client thread/INFO]: Warning: Clientside chunk ticking took 103 ms
[13:19:20] [Client thread/INFO]: Warning: Clientside chunk ticking took 103 ms
[13:19:20] [Client thread/INFO]: Warning: Clientside chunk ticking took 109 ms
[13:19:20] [Client thread/INFO]: Warning: Clientside chunk ticking took 107 ms
[13:19:20] [Server thread/INFO]: [Player239: Set own game mode to Creative Mode]
[13:19:20] [Client thread/INFO]: [CHAT] Your game mode has been updated
[13:19:26] [Server thread/INFO]: Saving and pausing game...
[13:19:26] [Server thread/INFO]: Saving chunks for level 'New World'/Overworld
[13:19:27] [Server thread/INFO]: Saving chunks for level 'New World'/Nether
[13:19:27] [Server thread/INFO]: Saving chunks for level 'New World'/The End
[13:19:33] [Server thread/INFO]: Stopping server
[13:19:33] [Server thread/INFO]: Saving players
[13:19:33] [Server thread/INFO]: Saving worlds
[13:19:33] [Server thread/INFO]: Saving chunks for level 'New World'/Overworld
[13:19:33] [Server thread/INFO]: Saving chunks for level 'New World'/Nether
[13:19:33] [Server thread/INFO]: Saving chunks for level 'New World'/The End
[13:19:41] [Client thread/INFO]: Deleting level New World
[13:19:41] [Client thread/INFO]: Attempt 1...
[13:19:44] [Client thread/INFO]: Stopping!
